========================================================================================
Report      : INFO
Date        : 2023-09-08T09:15:30+0700
Description : ---------------------------------------------------------------
              -- The service is using the following configuration settings --
              ---------------------------------------------------------------
              Domain (id)          : ospl_sp_ddsi (4)
              Storage              : 0 Kbytes
              Storage threshold    : 1024 Kbytes
              Storage address      : Not available
              Locking              : default
              Memory mode          : Heap memory
              Builtin topics       : true
              Priority inheritance : false
              SystemId             : 538995898 from [1,2147483647]
Node        : LAPTOP-T2907TUU
Process     : java.exe <2584>
Thread      : spliced 9396
Internals   : 6.9.210323OSS///The OpenSplice domain service/u_domain.c/785/0/1694139330.326939700/4
========================================================================================
Report      : INFO
Date        : 2023-09-08T09:15:30+0700
Description : Service cmsoap disabled
Node        : LAPTOP-T2907TUU
Process     : java.exe <2584>
Thread      : spliced 9396
Internals   : 6.9.210323OSS///OpenSplice domain service/sr_componentInfo.c/446/0/1694139330.328268000/4
========================================================================================
Report      : INFO
Date        : 2023-09-08T09:15:30+0700
Description : ++++++++++++++++++++++++++++++++++++++++++++++++
              ++ The service 'splicedaemon' is now operational. 
              ++++++++++++++++++++++++++++++++++++++++++++++++
Node        : LAPTOP-T2907TUU
Process     : java.exe <2584>
Thread      : spliced 9396
Internals   : 6.9.210323OSS///v_serviceChangeState/v_service.c/266/0/1694139330.329381900/4
========================================================================================
Report      : WARNING
Date        : 2023-09-08T09:15:30+0700
Description : using network interface Ethernet 2 (192.168.1.4) selected arbitrarily from: Ethernet 2, Wi-Fi, Local Area Connection* 

Node        : LAPTOP-T2907TUU
Process     : java.exe <2584>
Thread      : ddsi2 1444
Internals   : 6.9.210323OSS///ddsi2/q_nwif.c/989/0/1694139330.377679600/4
========================================================================================
Report      : INFO
Date        : 2023-09-08T09:15:30+0700
Description : ++++++++++++++++++++++++++++++++++++++++++++++++
              ++ The service 'ddsi2' is now operational. 
              ++++++++++++++++++++++++++++++++++++++++++++++++
Node        : LAPTOP-T2907TUU
Process     : java.exe <2584>
Thread      : ddsi2 1444
Internals   : 6.9.210323OSS///v_serviceChangeState/v_service.c/266/0/1694139330.385501700/4
========================================================================================
Report      : INFO
Date        : 2023-09-08T09:15:30+0700
Description : The durability service can be identified by ID: 538995898
Node        : LAPTOP-T2907TUU
Process     : java.exe <2584>
Thread      : durability 9232
Internals   : 6.9.210323OSS///DurabilityService/d_durability.c/554/0/1694139330.662545900/4
========================================================================================
Report      : INFO
Date        : 2023-09-08T09:15:41+0700
Description : ++++++++++++++++++++++++++++++++++++++++++++++++
              ++ The service 'durability' is now operational. 
              ++++++++++++++++++++++++++++++++++++++++++++++++
Node        : LAPTOP-T2907TUU
Process     : java.exe <2584>
Thread      : conflictResolver 17940
Internals   : 6.9.210323OSS///v_serviceChangeState/v_service.c/266/0/1694139341.191242100/4
========================================================================================
Report      : INFO
Date        : 2023-09-08T09:15:47+0700
Description : ================================================
              == The service 'ddsi2' has now terminated. 
              ================================================
Node        : LAPTOP-T2907TUU
Process     : java.exe <2584>
Thread      : ddsi2 1444
Internals   : 6.9.210323OSS///v_serviceChangeState/v_service.c/273/0/1694139347.572849000/4
========================================================================================
Report      : INFO
Date        : 2023-09-08T09:15:47+0700
Description : ================================================
              == The service 'durability' has now terminated. 
              ================================================
Node        : LAPTOP-T2907TUU
Process     : java.exe <2584>
Thread      : durability 9232
Internals   : 6.9.210323OSS///v_serviceChangeState/v_service.c/273/0/1694139347.825995000/4
========================================================================================
Report      : INFO
Date        : 2023-09-08T09:15:47+0700
Description : ================================================
              == The service 'splicedaemon' has now terminated. 
              ================================================
Node        : LAPTOP-T2907TUU
Process     : java.exe <2584>
Thread      : spliced 9396
Internals   : 6.9.210323OSS///v_serviceChangeState/v_service.c/273/0/1694139347.870057500/4
========================================================================================
Report      : INFO
Date        : 2023-09-08T09:15:47+0700
Description : Removed 10192 objects
Node        : LAPTOP-T2907TUU
Process     : java.exe <2584>
Thread      : 15116
Internals   : 6.9.210323OSS///Database close/c_base.c/3272/0/1694139347.977014100/4
